{"D:/Test code/Vitest code/testing-library/src/__test__/App.test.tsx": {"path":"D:/Test code/Vitest code/testing-library/src/__test__/App.test.tsx","statementMap":{"0":{"start":{"line":7,"column":0},"end":{"line":56,"column":null}},"1":{"start":{"line":8,"column":4},"end":{"line":13,"column":null}},"2":{"start":{"line":9,"column":8},"end":{"line":9,"column":null}},"3":{"start":{"line":10,"column":24},"end":{"line":10,"column":null}},"4":{"start":{"line":11,"column":8},"end":{"line":11,"column":null}},"5":{"start":{"line":12,"column":8},"end":{"line":12,"column":null}},"6":{"start":{"line":14,"column":4},"end":{"line":20,"column":null}},"7":{"start":{"line":15,"column":8},"end":{"line":15,"column":null}},"8":{"start":{"line":16,"column":23},"end":{"line":16,"column":null}},"9":{"start":{"line":17,"column":8},"end":{"line":17,"column":null}},"10":{"start":{"line":18,"column":24},"end":{"line":18,"column":null}},"11":{"start":{"line":19,"column":8},"end":{"line":19,"column":null}},"12":{"start":{"line":21,"column":4},"end":{"line":27,"column":null}},"13":{"start":{"line":22,"column":8},"end":{"line":22,"column":null}},"14":{"start":{"line":23,"column":23},"end":{"line":23,"column":null}},"15":{"start":{"line":24,"column":8},"end":{"line":24,"column":null}},"16":{"start":{"line":25,"column":22},"end":{"line":25,"column":null}},"17":{"start":{"line":26,"column":8},"end":{"line":26,"column":null}},"18":{"start":{"line":29,"column":4},"end":{"line":35,"column":null}},"19":{"start":{"line":30,"column":8},"end":{"line":30,"column":null}},"20":{"start":{"line":31,"column":23},"end":{"line":31,"column":null}},"21":{"start":{"line":32,"column":8},"end":{"line":32,"column":null}},"22":{"start":{"line":33,"column":28},"end":{"line":33,"column":null}},"23":{"start":{"line":34,"column":8},"end":{"line":34,"column":null}},"24":{"start":{"line":36,"column":4},"end":{"line":44,"column":null}},"25":{"start":{"line":37,"column":8},"end":{"line":37,"column":null}},"26":{"start":{"line":38,"column":23},"end":{"line":40,"column":null}},"27":{"start":{"line":41,"column":8},"end":{"line":41,"column":null}},"28":{"start":{"line":42,"column":23},"end":{"line":42,"column":null}},"29":{"start":{"line":43,"column":8},"end":{"line":43,"column":null}},"30":{"start":{"line":45,"column":4},"end":{"line":55,"column":null}},"31":{"start":{"line":46,"column":8},"end":{"line":46,"column":null}},"32":{"start":{"line":47,"column":23},"end":{"line":49,"column":null}},"33":{"start":{"line":50,"column":8},"end":{"line":50,"column":null}},"34":{"start":{"line":51,"column":23},"end":{"line":53,"column":null}},"35":{"start":{"line":54,"column":8},"end":{"line":54,"column":null}}},"fnMap":{"0":{"name":"(anonymous_0)","decl":{"start":{"line":7,"column":26},"end":{"line":7,"column":32}},"loc":{"start":{"line":7,"column":32},"end":{"line":56,"column":1}}},"1":{"name":"(anonymous_1)","decl":{"start":{"line":8,"column":35},"end":{"line":8,"column":41}},"loc":{"start":{"line":8,"column":41},"end":{"line":13,"column":5}}},"2":{"name":"(anonymous_2)","decl":{"start":{"line":14,"column":40},"end":{"line":14,"column":46}},"loc":{"start":{"line":14,"column":46},"end":{"line":20,"column":5}}},"3":{"name":"(anonymous_3)","decl":{"start":{"line":21,"column":38},"end":{"line":21,"column":44}},"loc":{"start":{"line":21,"column":44},"end":{"line":27,"column":5}}},"4":{"name":"(anonymous_4)","decl":{"start":{"line":29,"column":44},"end":{"line":29,"column":50}},"loc":{"start":{"line":29,"column":50},"end":{"line":35,"column":5}}},"5":{"name":"(anonymous_5)","decl":{"start":{"line":36,"column":38},"end":{"line":36,"column":44}},"loc":{"start":{"line":36,"column":44},"end":{"line":44,"column":5}}},"6":{"name":"(anonymous_6)","decl":{"start":{"line":45,"column":39},"end":{"line":45,"column":45}},"loc":{"start":{"line":45,"column":45},"end":{"line":55,"column":5}}}},"branchMap":{},"s":{"0":1,"1":1,"2":1,"3":1,"4":1,"5":1,"6":1,"7":1,"8":1,"9":1,"10":1,"11":1,"12":1,"13":1,"14":1,"15":1,"16":1,"17":1,"18":1,"19":1,"20":1,"21":1,"22":1,"23":1,"24":1,"25":1,"26":1,"27":1,"28":1,"29":1,"30":1,"31":1,"32":1,"33":1,"34":1,"35":1},"f":{"0":1,"1":1,"2":1,"3":1,"4":1,"5":1,"6":1},"b":{}}
,"D:/Test code/Vitest code/testing-library/src/__test__/Application.test.tsx": {"path":"D:/Test code/Vitest code/testing-library/src/__test__/Application.test.tsx","statementMap":{"0":{"start":{"line":5,"column":0},"end":{"line":57,"column":null}},"1":{"start":{"line":6,"column":4},"end":{"line":56,"column":null}},"2":{"start":{"line":7,"column":8},"end":{"line":7,"column":null}},"3":{"start":{"line":8,"column":28},"end":{"line":10,"column":null}},"4":{"start":{"line":11,"column":8},"end":{"line":11,"column":null}},"5":{"start":{"line":12,"column":31},"end":{"line":14,"column":null}},"6":{"start":{"line":15,"column":8},"end":{"line":15,"column":null}},"7":{"start":{"line":17,"column":33},"end":{"line":17,"column":null}},"8":{"start":{"line":18,"column":8},"end":{"line":18,"column":null}},"9":{"start":{"line":19,"column":29},"end":{"line":19,"column":null}},"10":{"start":{"line":20,"column":8},"end":{"line":20,"column":null}},"11":{"start":{"line":21,"column":29},"end":{"line":21,"column":null}},"12":{"start":{"line":22,"column":8},"end":{"line":22,"column":null}},"13":{"start":{"line":24,"column":30},"end":{"line":24,"column":null}},"14":{"start":{"line":25,"column":8},"end":{"line":25,"column":null}},"15":{"start":{"line":27,"column":28},"end":{"line":29,"column":null}},"16":{"start":{"line":30,"column":8},"end":{"line":30,"column":null}},"17":{"start":{"line":31,"column":29},"end":{"line":33,"column":null}},"18":{"start":{"line":34,"column":8},"end":{"line":34,"column":null}},"19":{"start":{"line":35,"column":29},"end":{"line":35,"column":null}},"20":{"start":{"line":36,"column":8},"end":{"line":36,"column":null}},"21":{"start":{"line":37,"column":29},"end":{"line":37,"column":null}},"22":{"start":{"line":38,"column":8},"end":{"line":38,"column":null}},"23":{"start":{"line":40,"column":27},"end":{"line":42,"column":null}},"24":{"start":{"line":44,"column":8},"end":{"line":44,"column":null}},"25":{"start":{"line":46,"column":35},"end":{"line":46,"column":null}},"26":{"start":{"line":47,"column":8},"end":{"line":47,"column":null}},"27":{"start":{"line":48,"column":30},"end":{"line":48,"column":null}},"28":{"start":{"line":49,"column":8},"end":{"line":49,"column":null}},"29":{"start":{"line":50,"column":31},"end":{"line":50,"column":null}},"30":{"start":{"line":51,"column":8},"end":{"line":51,"column":null}},"31":{"start":{"line":52,"column":36},"end":{"line":52,"column":null}},"32":{"start":{"line":53,"column":8},"end":{"line":53,"column":null}}},"fnMap":{"0":{"name":"(anonymous_0)","decl":{"start":{"line":5,"column":34},"end":{"line":5,"column":40}},"loc":{"start":{"line":5,"column":40},"end":{"line":57,"column":1}}},"1":{"name":"(anonymous_1)","decl":{"start":{"line":6,"column":28},"end":{"line":6,"column":34}},"loc":{"start":{"line":6,"column":34},"end":{"line":56,"column":5}}}},"branchMap":{},"s":{"0":1,"1":1,"2":1,"3":1,"4":1,"5":1,"6":1,"7":1,"8":1,"9":1,"10":1,"11":1,"12":1,"13":1,"14":1,"15":1,"16":1,"17":1,"18":1,"19":1,"20":1,"21":1,"22":1,"23":1,"24":1,"25":1,"26":1,"27":1,"28":1,"29":1,"30":1,"31":1,"32":1},"f":{"0":1,"1":1},"b":{}}
,"D:/Test code/Vitest code/testing-library/src/__test__/Counter.test.tsx": {"path":"D:/Test code/Vitest code/testing-library/src/__test__/Counter.test.tsx","statementMap":{"0":{"start":{"line":5,"column":0},"end":{"line":68,"column":null}},"1":{"start":{"line":6,"column":4},"end":{"line":16,"column":null}},"2":{"start":{"line":7,"column":8},"end":{"line":7,"column":null}},"3":{"start":{"line":8,"column":29},"end":{"line":8,"column":null}},"4":{"start":{"line":9,"column":8},"end":{"line":9,"column":null}},"5":{"start":{"line":10,"column":32},"end":{"line":10,"column":null}},"6":{"start":{"line":11,"column":8},"end":{"line":11,"column":null}},"7":{"start":{"line":12,"column":28},"end":{"line":12,"column":null}},"8":{"start":{"line":13,"column":8},"end":{"line":13,"column":null}},"9":{"start":{"line":14,"column":26},"end":{"line":14,"column":null}},"10":{"start":{"line":15,"column":8},"end":{"line":15,"column":null}},"11":{"start":{"line":18,"column":4},"end":{"line":22,"column":null}},"12":{"start":{"line":19,"column":8},"end":{"line":19,"column":null}},"13":{"start":{"line":20,"column":29},"end":{"line":20,"column":null}},"14":{"start":{"line":21,"column":8},"end":{"line":21,"column":null}},"15":{"start":{"line":24,"column":4},"end":{"line":31,"column":null}},"16":{"start":{"line":25,"column":8},"end":{"line":25,"column":null}},"17":{"start":{"line":26,"column":8},"end":{"line":26,"column":null}},"18":{"start":{"line":27,"column":32},"end":{"line":27,"column":null}},"19":{"start":{"line":28,"column":8},"end":{"line":28,"column":null}},"20":{"start":{"line":29,"column":29},"end":{"line":29,"column":null}},"21":{"start":{"line":30,"column":8},"end":{"line":30,"column":null}},"22":{"start":{"line":33,"column":4},"end":{"line":41,"column":null}},"23":{"start":{"line":34,"column":8},"end":{"line":34,"column":null}},"24":{"start":{"line":35,"column":8},"end":{"line":35,"column":null}},"25":{"start":{"line":36,"column":32},"end":{"line":36,"column":null}},"26":{"start":{"line":37,"column":8},"end":{"line":37,"column":null}},"27":{"start":{"line":38,"column":8},"end":{"line":38,"column":null}},"28":{"start":{"line":39,"column":29},"end":{"line":39,"column":null}},"29":{"start":{"line":40,"column":8},"end":{"line":40,"column":null}},"30":{"start":{"line":43,"column":4},"end":{"line":53,"column":null}},"31":{"start":{"line":44,"column":8},"end":{"line":44,"column":null}},"32":{"start":{"line":45,"column":8},"end":{"line":45,"column":null}},"33":{"start":{"line":46,"column":28},"end":{"line":46,"column":null}},"34":{"start":{"line":47,"column":8},"end":{"line":47,"column":null}},"35":{"start":{"line":48,"column":8},"end":{"line":48,"column":null}},"36":{"start":{"line":49,"column":26},"end":{"line":49,"column":null}},"37":{"start":{"line":50,"column":8},"end":{"line":50,"column":null}},"38":{"start":{"line":51,"column":29},"end":{"line":51,"column":null}},"39":{"start":{"line":52,"column":8},"end":{"line":52,"column":null}},"40":{"start":{"line":55,"column":4},"end":{"line":67,"column":null}},"41":{"start":{"line":56,"column":8},"end":{"line":56,"column":null}},"42":{"start":{"line":57,"column":8},"end":{"line":57,"column":null}},"43":{"start":{"line":58,"column":28},"end":{"line":58,"column":null}},"44":{"start":{"line":59,"column":26},"end":{"line":59,"column":null}},"45":{"start":{"line":60,"column":32},"end":{"line":60,"column":null}},"46":{"start":{"line":61,"column":8},"end":{"line":61,"column":null}},"47":{"start":{"line":62,"column":8},"end":{"line":62,"column":null}},"48":{"start":{"line":63,"column":8},"end":{"line":63,"column":null}},"49":{"start":{"line":64,"column":8},"end":{"line":64,"column":null}},"50":{"start":{"line":65,"column":8},"end":{"line":65,"column":null}},"51":{"start":{"line":66,"column":8},"end":{"line":66,"column":null}}},"fnMap":{"0":{"name":"(anonymous_0)","decl":{"start":{"line":5,"column":20},"end":{"line":5,"column":26}},"loc":{"start":{"line":5,"column":26},"end":{"line":68,"column":1}}},"1":{"name":"(anonymous_1)","decl":{"start":{"line":6,"column":28},"end":{"line":6,"column":34}},"loc":{"start":{"line":6,"column":34},"end":{"line":16,"column":5}}},"2":{"name":"(anonymous_2)","decl":{"start":{"line":18,"column":31},"end":{"line":18,"column":37}},"loc":{"start":{"line":18,"column":37},"end":{"line":22,"column":5}}},"3":{"name":"(anonymous_3)","decl":{"start":{"line":24,"column":67},"end":{"line":24,"column":79}},"loc":{"start":{"line":24,"column":79},"end":{"line":31,"column":5}}},"4":{"name":"(anonymous_4)","decl":{"start":{"line":33,"column":73},"end":{"line":33,"column":85}},"loc":{"start":{"line":33,"column":85},"end":{"line":41,"column":5}}},"5":{"name":"(anonymous_5)","decl":{"start":{"line":43,"column":62},"end":{"line":43,"column":74}},"loc":{"start":{"line":43,"column":74},"end":{"line":53,"column":5}}},"6":{"name":"(anonymous_6)","decl":{"start":{"line":55,"column":50},"end":{"line":55,"column":62}},"loc":{"start":{"line":55,"column":62},"end":{"line":67,"column":5}}}},"branchMap":{},"s":{"0":1,"1":1,"2":1,"3":1,"4":1,"5":1,"6":1,"7":1,"8":1,"9":1,"10":1,"11":1,"12":1,"13":1,"14":1,"15":1,"16":1,"17":1,"18":1,"19":1,"20":1,"21":1,"22":1,"23":1,"24":1,"25":1,"26":1,"27":1,"28":1,"29":1,"30":1,"31":1,"32":1,"33":1,"34":1,"35":1,"36":1,"37":1,"38":1,"39":1,"40":1,"41":1,"42":1,"43":1,"44":1,"45":1,"46":1,"47":1,"48":1,"49":1,"50":1,"51":1},"f":{"0":1,"1":1,"2":1,"3":1,"4":1,"5":1,"6":1},"b":{}}
,"D:/Test code/Vitest code/testing-library/src/__test__/Greet.test.tsx": {"path":"D:/Test code/Vitest code/testing-library/src/__test__/Greet.test.tsx","statementMap":{"0":{"start":{"line":5,"column":0},"end":{"line":16,"column":null}},"1":{"start":{"line":11,"column":4},"end":{"line":15,"column":null}},"2":{"start":{"line":12,"column":8},"end":{"line":12,"column":null}},"3":{"start":{"line":13,"column":24},"end":{"line":13,"column":null}},"4":{"start":{"line":14,"column":8},"end":{"line":14,"column":null}}},"fnMap":{"0":{"name":"(anonymous_0)","decl":{"start":{"line":5,"column":28},"end":{"line":5,"column":34}},"loc":{"start":{"line":5,"column":34},"end":{"line":16,"column":1}}},"1":{"name":"(anonymous_1)","decl":{"start":{"line":11,"column":28},"end":{"line":11,"column":34}},"loc":{"start":{"line":11,"column":34},"end":{"line":15,"column":5}}}},"branchMap":{},"s":{"0":1,"1":1,"2":1,"3":1,"4":1},"f":{"0":1,"1":1},"b":{}}
,"D:/Test code/Vitest code/testing-library/src/__test__/Skills.test.tsx": {"path":"D:/Test code/Vitest code/testing-library/src/__test__/Skills.test.tsx","statementMap":{"0":{"start":{"line":5,"column":0},"end":{"line":46,"column":null}},"1":{"start":{"line":6,"column":19},"end":{"line":6,"column":null}},"2":{"start":{"line":8,"column":4},"end":{"line":12,"column":null}},"3":{"start":{"line":9,"column":8},"end":{"line":9,"column":null}},"4":{"start":{"line":10,"column":28},"end":{"line":10,"column":null}},"5":{"start":{"line":11,"column":8},"end":{"line":11,"column":null}},"6":{"start":{"line":14,"column":4},"end":{"line":18,"column":null}},"7":{"start":{"line":15,"column":8},"end":{"line":15,"column":null}},"8":{"start":{"line":16,"column":26},"end":{"line":16,"column":null}},"9":{"start":{"line":17,"column":8},"end":{"line":17,"column":null}},"10":{"start":{"line":20,"column":4},"end":{"line":26,"column":null}},"11":{"start":{"line":21,"column":8},"end":{"line":21,"column":null}},"12":{"start":{"line":22,"column":28},"end":{"line":24,"column":null}},"13":{"start":{"line":25,"column":8},"end":{"line":25,"column":null}},"14":{"start":{"line":27,"column":4},"end":{"line":33,"column":null}},"15":{"start":{"line":28,"column":8},"end":{"line":28,"column":null}},"16":{"start":{"line":29,"column":36},"end":{"line":31,"column":null}},"17":{"start":{"line":32,"column":8},"end":{"line":32,"column":null}},"18":{"start":{"line":34,"column":4},"end":{"line":45,"column":null}},"19":{"start":{"line":35,"column":21},"end":{"line":35,"column":null}},"20":{"start":{"line":36,"column":8},"end":{"line":36,"column":null}},"21":{"start":{"line":38,"column":36},"end":{"line":42,"column":null}},"22":{"start":{"line":44,"column":8},"end":{"line":44,"column":null}}},"fnMap":{"0":{"name":"(anonymous_0)","decl":{"start":{"line":5,"column":29},"end":{"line":5,"column":35}},"loc":{"start":{"line":5,"column":35},"end":{"line":46,"column":1}}},"1":{"name":"(anonymous_1)","decl":{"start":{"line":8,"column":28},"end":{"line":8,"column":34}},"loc":{"start":{"line":8,"column":34},"end":{"line":12,"column":5}}},"2":{"name":"(anonymous_2)","decl":{"start":{"line":14,"column":35},"end":{"line":14,"column":41}},"loc":{"start":{"line":14,"column":41},"end":{"line":18,"column":5}}},"3":{"name":"(anonymous_3)","decl":{"start":{"line":20,"column":31},"end":{"line":20,"column":37}},"loc":{"start":{"line":20,"column":37},"end":{"line":26,"column":5}}},"4":{"name":"(anonymous_4)","decl":{"start":{"line":27,"column":48},"end":{"line":27,"column":54}},"loc":{"start":{"line":27,"column":54},"end":{"line":33,"column":5}}},"5":{"name":"(anonymous_5)","decl":{"start":{"line":34,"column":56},"end":{"line":34,"column":68}},"loc":{"start":{"line":34,"column":68},"end":{"line":45,"column":5}}}},"branchMap":{},"s":{"0":1,"1":1,"2":1,"3":1,"4":1,"5":1,"6":1,"7":1,"8":1,"9":1,"10":1,"11":1,"12":1,"13":1,"14":1,"15":1,"16":1,"17":1,"18":1,"19":1,"20":1,"21":1,"22":1},"f":{"0":1,"1":1,"2":1,"3":1,"4":1,"5":1},"b":{}}
,"D:/Test code/Vitest code/testing-library/src/__test__/TodoApp.test.tsx": {"path":"D:/Test code/Vitest code/testing-library/src/__test__/TodoApp.test.tsx","statementMap":{"0":{"start":{"line":5,"column":0},"end":{"line":50,"column":null}},"1":{"start":{"line":6,"column":4},"end":{"line":12,"column":null}},"2":{"start":{"line":7,"column":8},"end":{"line":7,"column":null}},"3":{"start":{"line":8,"column":29},"end":{"line":8,"column":null}},"4":{"start":{"line":9,"column":26},"end":{"line":9,"column":null}},"5":{"start":{"line":10,"column":8},"end":{"line":10,"column":null}},"6":{"start":{"line":11,"column":8},"end":{"line":11,"column":null}},"7":{"start":{"line":14,"column":4},"end":{"line":24,"column":null}},"8":{"start":{"line":15,"column":8},"end":{"line":15,"column":null}},"9":{"start":{"line":16,"column":29},"end":{"line":16,"column":null}},"10":{"start":{"line":17,"column":26},"end":{"line":17,"column":null}},"11":{"start":{"line":19,"column":8},"end":{"line":19,"column":null}},"12":{"start":{"line":20,"column":8},"end":{"line":20,"column":null}},"13":{"start":{"line":22,"column":25},"end":{"line":22,"column":null}},"14":{"start":{"line":23,"column":8},"end":{"line":23,"column":null}},"15":{"start":{"line":26,"column":4},"end":{"line":34,"column":null}},"16":{"start":{"line":27,"column":8},"end":{"line":27,"column":null}},"17":{"start":{"line":28,"column":26},"end":{"line":28,"column":null}},"18":{"start":{"line":30,"column":8},"end":{"line":30,"column":null}},"19":{"start":{"line":32,"column":26},"end":{"line":32,"column":null}},"20":{"start":{"line":33,"column":8},"end":{"line":33,"column":null}},"21":{"start":{"line":36,"column":4},"end":{"line":49,"column":null}},"22":{"start":{"line":37,"column":8},"end":{"line":37,"column":null}},"23":{"start":{"line":38,"column":29},"end":{"line":38,"column":null}},"24":{"start":{"line":39,"column":26},"end":{"line":39,"column":null}},"25":{"start":{"line":41,"column":8},"end":{"line":41,"column":null}},"26":{"start":{"line":42,"column":8},"end":{"line":42,"column":null}},"27":{"start":{"line":44,"column":29},"end":{"line":44,"column":null}},"28":{"start":{"line":45,"column":8},"end":{"line":45,"column":null}},"29":{"start":{"line":47,"column":25},"end":{"line":47,"column":null}},"30":{"start":{"line":48,"column":8},"end":{"line":48,"column":null}},"31":{"start":{"line":52,"column":0},"end":{"line":81,"column":null}},"32":{"start":{"line":53,"column":4},"end":{"line":53,"column":null}},"33":{"start":{"line":56,"column":25},"end":{"line":56,"column":null}},"34":{"start":{"line":57,"column":22},"end":{"line":57,"column":null}},"35":{"start":{"line":59,"column":4},"end":{"line":59,"column":null}},"36":{"start":{"line":60,"column":4},"end":{"line":60,"column":null}},"37":{"start":{"line":63,"column":21},"end":{"line":63,"column":null}},"38":{"start":{"line":64,"column":4},"end":{"line":64,"column":null}},"39":{"start":{"line":67,"column":23},"end":{"line":67,"column":null}},"40":{"start":{"line":68,"column":4},"end":{"line":68,"column":null}},"41":{"start":{"line":71,"column":22},"end":{"line":71,"column":null}},"42":{"start":{"line":72,"column":4},"end":{"line":72,"column":null}},"43":{"start":{"line":75,"column":23},"end":{"line":75,"column":null}},"44":{"start":{"line":76,"column":4},"end":{"line":76,"column":null}},"45":{"start":{"line":79,"column":4},"end":{"line":79,"column":null}},"46":{"start":{"line":80,"column":4},"end":{"line":80,"column":null}}},"fnMap":{"0":{"name":"(anonymous_0)","decl":{"start":{"line":5,"column":20},"end":{"line":5,"column":26}},"loc":{"start":{"line":5,"column":26},"end":{"line":50,"column":1}}},"1":{"name":"(anonymous_1)","decl":{"start":{"line":6,"column":39},"end":{"line":6,"column":45}},"loc":{"start":{"line":6,"column":45},"end":{"line":12,"column":5}}},"2":{"name":"(anonymous_2)","decl":{"start":{"line":14,"column":26},"end":{"line":14,"column":32}},"loc":{"start":{"line":14,"column":32},"end":{"line":24,"column":5}}},"3":{"name":"(anonymous_3)","decl":{"start":{"line":26,"column":47},"end":{"line":26,"column":53}},"loc":{"start":{"line":26,"column":53},"end":{"line":34,"column":5}}},"4":{"name":"(anonymous_4)","decl":{"start":{"line":36,"column":25},"end":{"line":36,"column":31}},"loc":{"start":{"line":36,"column":31},"end":{"line":49,"column":5}}},"5":{"name":"(anonymous_5)","decl":{"start":{"line":52,"column":26},"end":{"line":52,"column":32}},"loc":{"start":{"line":52,"column":32},"end":{"line":81,"column":1}}}},"branchMap":{},"s":{"0":1,"1":1,"2":1,"3":1,"4":1,"5":1,"6":1,"7":1,"8":1,"9":1,"10":1,"11":1,"12":1,"13":1,"14":1,"15":1,"16":1,"17":1,"18":1,"19":1,"20":1,"21":1,"22":1,"23":1,"24":1,"25":1,"26":1,"27":1,"28":1,"29":1,"30":1,"31":1,"32":1,"33":1,"34":1,"35":1,"36":1,"37":1,"38":1,"39":1,"40":1,"41":1,"42":1,"43":1,"44":1,"45":1,"46":1},"f":{"0":1,"1":1,"2":1,"3":1,"4":1,"5":1},"b":{}}
}
