{"D:/Test code/Vitest code/testing-library/src/__test__/App.test.tsx": {"path":"D:/Test code/Vitest code/testing-library/src/__test__/App.test.tsx","statementMap":{"0":{"start":{"line":8,"column":30},"end":{"line":15,"column":null}},"1":{"start":{"line":9,"column":24},"end":{"line":9,"column":null}},"2":{"start":{"line":10,"column":4},"end":{"line":14,"column":null}},"3":{"start":{"line":17,"column":0},"end":{"line":66,"column":null}},"4":{"start":{"line":18,"column":4},"end":{"line":23,"column":null}},"5":{"start":{"line":19,"column":8},"end":{"line":19,"column":null}},"6":{"start":{"line":20,"column":24},"end":{"line":20,"column":null}},"7":{"start":{"line":21,"column":8},"end":{"line":21,"column":null}},"8":{"start":{"line":22,"column":8},"end":{"line":22,"column":null}},"9":{"start":{"line":24,"column":4},"end":{"line":30,"column":null}},"10":{"start":{"line":25,"column":8},"end":{"line":25,"column":null}},"11":{"start":{"line":26,"column":23},"end":{"line":26,"column":null}},"12":{"start":{"line":27,"column":8},"end":{"line":27,"column":null}},"13":{"start":{"line":28,"column":24},"end":{"line":28,"column":null}},"14":{"start":{"line":29,"column":8},"end":{"line":29,"column":null}},"15":{"start":{"line":31,"column":4},"end":{"line":37,"column":null}},"16":{"start":{"line":32,"column":8},"end":{"line":32,"column":null}},"17":{"start":{"line":33,"column":23},"end":{"line":33,"column":null}},"18":{"start":{"line":34,"column":8},"end":{"line":34,"column":null}},"19":{"start":{"line":35,"column":22},"end":{"line":35,"column":null}},"20":{"start":{"line":36,"column":8},"end":{"line":36,"column":null}},"21":{"start":{"line":39,"column":4},"end":{"line":45,"column":null}},"22":{"start":{"line":40,"column":8},"end":{"line":40,"column":null}},"23":{"start":{"line":41,"column":23},"end":{"line":41,"column":null}},"24":{"start":{"line":42,"column":8},"end":{"line":42,"column":null}},"25":{"start":{"line":43,"column":28},"end":{"line":43,"column":null}},"26":{"start":{"line":44,"column":8},"end":{"line":44,"column":null}},"27":{"start":{"line":46,"column":4},"end":{"line":54,"column":null}},"28":{"start":{"line":47,"column":8},"end":{"line":47,"column":null}},"29":{"start":{"line":48,"column":23},"end":{"line":50,"column":null}},"30":{"start":{"line":51,"column":8},"end":{"line":51,"column":null}},"31":{"start":{"line":52,"column":23},"end":{"line":52,"column":null}},"32":{"start":{"line":53,"column":8},"end":{"line":53,"column":null}},"33":{"start":{"line":55,"column":4},"end":{"line":65,"column":null}},"34":{"start":{"line":56,"column":8},"end":{"line":56,"column":null}},"35":{"start":{"line":57,"column":23},"end":{"line":59,"column":null}},"36":{"start":{"line":60,"column":8},"end":{"line":60,"column":null}},"37":{"start":{"line":61,"column":23},"end":{"line":63,"column":null}},"38":{"start":{"line":64,"column":8},"end":{"line":64,"column":null}},"39":{"start":{"line":68,"column":0},"end":{"line":85,"column":null}},"40":{"start":{"line":69,"column":4},"end":{"line":69,"column":null}},"41":{"start":{"line":71,"column":28},"end":{"line":73,"column":null}},"42":{"start":{"line":74,"column":4},"end":{"line":74,"column":null}},"43":{"start":{"line":76,"column":18},"end":{"line":76,"column":null}},"44":{"start":{"line":77,"column":4},"end":{"line":77,"column":null}},"45":{"start":{"line":78,"column":29},"end":{"line":80,"column":null}},"46":{"start":{"line":81,"column":4},"end":{"line":81,"column":null}},"47":{"start":{"line":82,"column":4},"end":{"line":84,"column":null}},"48":{"start":{"line":83,"column":8},"end":{"line":83,"column":null}}},"fnMap":{"0":{"name":"(anonymous_0)","decl":{"start":{"line":8,"column":30},"end":{"line":8,"column":31}},"loc":{"start":{"line":8,"column":177},"end":{"line":15,"column":null}}},"1":{"name":"(anonymous_1)","decl":{"start":{"line":17,"column":26},"end":{"line":17,"column":32}},"loc":{"start":{"line":17,"column":32},"end":{"line":66,"column":1}}},"2":{"name":"(anonymous_2)","decl":{"start":{"line":18,"column":35},"end":{"line":18,"column":41}},"loc":{"start":{"line":18,"column":41},"end":{"line":23,"column":5}}},"3":{"name":"(anonymous_3)","decl":{"start":{"line":24,"column":40},"end":{"line":24,"column":46}},"loc":{"start":{"line":24,"column":46},"end":{"line":30,"column":5}}},"4":{"name":"(anonymous_4)","decl":{"start":{"line":31,"column":38},"end":{"line":31,"column":44}},"loc":{"start":{"line":31,"column":44},"end":{"line":37,"column":5}}},"5":{"name":"(anonymous_5)","decl":{"start":{"line":39,"column":44},"end":{"line":39,"column":50}},"loc":{"start":{"line":39,"column":50},"end":{"line":45,"column":5}}},"6":{"name":"(anonymous_6)","decl":{"start":{"line":46,"column":38},"end":{"line":46,"column":44}},"loc":{"start":{"line":46,"column":44},"end":{"line":54,"column":5}}},"7":{"name":"(anonymous_7)","decl":{"start":{"line":55,"column":39},"end":{"line":55,"column":45}},"loc":{"start":{"line":55,"column":45},"end":{"line":65,"column":5}}},"8":{"name":"(anonymous_8)","decl":{"start":{"line":68,"column":41},"end":{"line":68,"column":53}},"loc":{"start":{"line":68,"column":53},"end":{"line":85,"column":1}}},"9":{"name":"(anonymous_9)","decl":{"start":{"line":82,"column":18},"end":{"line":82,"column":24}},"loc":{"start":{"line":82,"column":24},"end":{"line":84,"column":5}}}},"branchMap":{},"s":{"0":1,"1":1,"2":1,"3":1,"4":1,"5":1,"6":1,"7":1,"8":1,"9":1,"10":1,"11":1,"12":1,"13":1,"14":1,"15":1,"16":1,"17":1,"18":1,"19":1,"20":1,"21":1,"22":1,"23":1,"24":1,"25":1,"26":1,"27":1,"28":1,"29":1,"30":1,"31":1,"32":1,"33":1,"34":1,"35":1,"36":1,"37":1,"38":1,"39":1,"40":1,"41":1,"42":1,"43":1,"44":1,"45":1,"46":1,"47":1,"48":1},"f":{"0":1,"1":1,"2":1,"3":1,"4":1,"5":1,"6":1,"7":1,"8":1,"9":1},"b":{}}
}
